{"message":"Service https://google.com working","level":"low","createdAt":"2024-06-27T02:43:55.695Z","origin":"check-service.ts.https://google.com"} 
{"message":"Service https://google.com working","level":"low","createdAt":"2024-06-27T02:44:00.193Z","origin":"check-service.ts.https://google.com"} 
{"message":"the local is not ok. TypeError: Failed to parse URL from local","level":"high","createdAt":"2024-06-27T02:44:05.042Z","origin":"chech-service.ts.local"} 
{"message":"the local is not ok. TypeError: Failed to parse URL from local","level":"high","createdAt":"2024-06-27T02:44:10.012Z","origin":"chech-service.ts.local"} 
{"message":"Email sent","level":"low","createdAt":"2024-06-27T18:48:12.794Z","origin":"email.service.ts"} 
{"message":"Log email sent","level":"low","createdAt":"2024-06-27T19:03:24.842Z","origin":"send-email-logs.ts"} 
{"message":"Service https://google.com working","level":"low","createdAt":"2024-06-30T03:51:00.850Z","origin":"check-service.ts.https://google.com"} 
{"message":"Service https://google.com working","level":"low","createdAt":"2024-06-30T03:51:05.204Z","origin":"check-service.ts.https://google.com"} 
{"message":"Service https://google.com working","level":"low","createdAt":"2024-06-30T03:51:10.427Z","origin":"check-service.ts.https://google.com"} 
{"message":"Service https://google.com working","level":"low","createdAt":"2024-06-30T03:51:15.162Z","origin":"check-service.ts.https://google.com"} 
{"message":"Service https://google.com working","level":"low","createdAt":"2024-06-30T03:51:20.480Z","origin":"check-service.ts.https://google.com"} 
{"message":"Service https://google.com working","level":"low","createdAt":"2024-06-30T03:51:25.181Z","origin":"check-service.ts.https://google.com"} 
{"message":"Service https://google.com working","level":"low","createdAt":"2024-06-30T03:51:30.393Z","origin":"check-service.ts.https://google.com"} 
{"message":"Service https://google.com working","level":"low","createdAt":"2024-06-30T03:51:35.154Z","origin":"check-service.ts.https://google.com"} 
{"message":"Service https://google.com working","level":"low","createdAt":"2024-06-30T03:51:40.216Z","origin":"check-service.ts.https://google.com"} 
{"message":"Service https://google.com working","level":"low","createdAt":"2024-06-30T03:51:45.530Z","origin":"check-service.ts.https://google.com"} 
{"message":"Service https://google.com working","level":"low","createdAt":"2024-06-30T03:51:50.184Z","origin":"check-service.ts.https://google.com"} 
{"message":"Service https://google.com working","level":"low","createdAt":"2024-06-30T03:51:55.539Z","origin":"check-service.ts.https://google.com"} 
{"message":"Service https://google.com working","level":"low","createdAt":"2024-06-30T03:52:00.200Z","origin":"check-service.ts.https://google.com"} 
{"message":"Service https://google.com working","level":"low","createdAt":"2024-06-30T03:52:05.330Z","origin":"check-service.ts.https://google.com"} 
{"message":"the https://googasdasdle.com is not ok. TypeError: fetch failed","level":"high","createdAt":"2024-07-02T20:31:10.115Z","origin":"chech-service.ts.https://googasdasdle.com"} 
{"message":"the https://googasdasdle.com is not ok. TypeError: fetch failed","level":"high","createdAt":"2024-07-02T20:31:15.015Z","origin":"chech-service.ts.https://googasdasdle.com"} 
{"message":"the https://googasdasdle.com is not ok. TypeError: fetch failed","level":"high","createdAt":"2024-07-02T20:31:20.019Z","origin":"chech-service.ts.https://googasdasdle.com"} 
{"message":"the https://googasdasdle.com is not ok. TypeError: fetch failed","level":"high","createdAt":"2024-07-02T20:31:25.022Z","origin":"chech-service.ts.https://googasdasdle.com"} 
{"message":"the https://googasdasdle.com is not ok. TypeError: fetch failed","level":"high","createdAt":"2024-07-02T20:33:00.141Z","origin":"chech-service.ts.https://googasdasdle.com"} 
{"message":"the https://googasdasdle.com is not ok. TypeError: fetch failed","level":"high","createdAt":"2024-07-02T20:33:05.031Z","origin":"chech-service.ts.https://googasdasdle.com"} 
{"message":"the https://googasdasdle.com is not ok. TypeError: fetch failed","level":"high","createdAt":"2024-07-02T20:33:10.006Z","origin":"chech-service.ts.https://googasdasdle.com"} 
{"message":"the https://googasdasdle.com is not ok. TypeError: fetch failed","level":"high","createdAt":"2024-07-02T20:33:15.023Z","origin":"chech-service.ts.https://googasdasdle.com"} 
{"message":"the https://googasdasdle.com is not ok. TypeError: fetch failed","level":"high","createdAt":"2024-07-02T20:33:20.017Z","origin":"chech-service.ts.https://googasdasdle.com"} 
{"message":"the https://googasdasdle.com is not ok. TypeError: fetch failed","level":"high","createdAt":"2024-07-02T20:33:25.020Z","origin":"chech-service.ts.https://googasdasdle.com"} 
{"message":"the https://googasdasdle.com is not ok. TypeError: fetch failed","level":"high","createdAt":"2024-07-02T20:33:30.011Z","origin":"chech-service.ts.https://googasdasdle.com"} 
{"message":"the https://googasdasdle.com is not ok. TypeError: fetch failed","level":"high","createdAt":"2024-07-02T20:33:35.019Z","origin":"chech-service.ts.https://googasdasdle.com"} 
{"message":"the https://googasdasdle.com is not ok. TypeError: fetch failed","level":"high","createdAt":"2024-07-02T20:33:40.018Z","origin":"chech-service.ts.https://googasdasdle.com"} 
{"message":"the https://googasdasdle.com is not ok. TypeError: fetch failed","level":"high","createdAt":"2024-07-02T20:33:45.021Z","origin":"chech-service.ts.https://googasdasdle.com"} 
{"message":"the https://googasdasdle.com is not ok. TypeError: fetch failed","level":"high","createdAt":"2024-07-02T20:33:50.005Z","origin":"chech-service.ts.https://googasdasdle.com"} 
{"message":"Service https://google.com working","level":"low","createdAt":"2024-07-02T20:33:55.561Z","origin":"check-service.ts.https://google.com"} 
{"message":"Service https://google.com working","level":"low","createdAt":"2024-07-02T20:34:00.172Z","origin":"check-service.ts.https://google.com"} 
{"message":"Service https://google.com working","level":"low","createdAt":"2024-07-02T20:34:05.476Z","origin":"check-service.ts.https://google.com"} 
{"message":"Service https://google.com working","level":"low","createdAt":"2024-07-02T20:34:10.147Z","origin":"check-service.ts.https://google.com"} 
{"message":"Service https://google.com working","level":"low","createdAt":"2024-07-02T20:34:15.442Z","origin":"check-service.ts.https://google.com"} 
{"message":"Service https://google.com working","level":"low","createdAt":"2024-07-02T20:34:20.222Z","origin":"check-service.ts.https://google.com"} 
{"message":"Service https://google.com working","level":"low","createdAt":"2024-07-02T20:34:25.438Z","origin":"check-service.ts.https://google.com"} 
{"message":"Service https://google.com working","level":"low","createdAt":"2024-07-02T20:34:30.176Z","origin":"check-service.ts.https://google.com"} 
{"message":"Service https://google.com working","level":"low","createdAt":"2024-07-02T20:34:35.705Z","origin":"check-service.ts.https://google.com"} 
